Added Component: Designator=Q1(STL11N3LLH6)
Add component (AddParameter): Name = "主类型"; Value = ""; VariantName = "[No Variations]"
Add component (AddParameter): Name = "值/型号"; Value = ""; VariantName = "[No Variations]"
Add component (AddParameter): Name = "值精度"; Value = ""; VariantName = "[No Variations]"
Add component (AddParameter): Name = "元件封装"; Value = ""; VariantName = "[No Variations]"
Add component (AddParameter): Name = "具体类型"; Value = ""; VariantName = "[No Variations]"
Add component (AddParameter): Name = "封装类型"; Value = ""; VariantName = "[No Variations]"
Add component (AddParameter): Name = "温度漂移"; Value = ""; VariantName = "[No Variations]"
Add component (AddParameter): Name = "温度范围"; Value = ""; VariantName = "[No Variations]"
Add component (AddParameter): Name = "生产商"; Value = ""; VariantName = "[No Variations]"
Add component (AddParameter): Name = "生产商零件编码"; Value = ""; VariantName = "[No Variations]"
Add component (AddParameter): Name = "立创编号"; Value = ""; VariantName = "[No Variations]"
Add component (AddParameter): Name = "类型备注"; Value = ""; VariantName = "[No Variations]"
Added Pin To Net: NetName=GATE Pin=Q1-1
Added Pin To Net: NetName=VCC_DP_OUT Pin=Q1-2
Added Pin To Net: NetName=VCC_DP_OUT Pin=Q1-2
Added Pin To Net: NetName=VCC_DP_OUT Pin=Q1-2
Added Pin To Net: NetName=VCC_DP_IN Pin=Q1-3
Added Pin To Net: NetName=VCC_DP_IN Pin=Q1-3
Added Pin To Net: NetName=VCC_DP_IN Pin=Q1-3
Added Member To Class: ClassName=PD_USB Member=Component Q1 STL11N3LLH6
