Removed Pin From Net: NetName=VCC_DP_IN Pin=LED9-1
Added Component: Designator=R2(R 0402_L)
Add component (AddParameter): Name = "主类型"; Value = ""; VariantName = "[No Variations]"
Add component (AddParameter): Name = "值/型号"; Value = ""; VariantName = "[No Variations]"
Add component (AddParameter): Name = "值精度"; Value = ""; VariantName = "[No Variations]"
Add component (AddParameter): Name = "元件封装"; Value = "0402"; VariantName = "[No Variations]"
Add component (AddParameter): Name = "具体类型"; Value = ""; VariantName = "[No Variations]"
Add component (AddParameter): Name = "封装类型"; Value = "贴片"; VariantName = "[No Variations]"
Add component (AddParameter): Name = "温度漂移"; Value = ""; VariantName = "[No Variations]"
Add component (AddParameter): Name = "温度范围"; Value = ""; VariantName = "[No Variations]"
Add component (AddParameter): Name = "生产商"; Value = ""; VariantName = "[No Variations]"
Add component (AddParameter): Name = "生产商零件编码"; Value = ""; VariantName = "[No Variations]"
Add component (AddParameter): Name = "立创编号"; Value = ""; VariantName = "[No Variations]"
Add component (AddParameter): Name = "类型备注"; Value = ""; VariantName = "[No Variations]"
Added Component: Designator=R34(R 0402_L)
Add component (AddParameter): Name = "主类型"; Value = ""; VariantName = "[No Variations]"
Add component (AddParameter): Name = "值/型号"; Value = ""; VariantName = "[No Variations]"
Add component (AddParameter): Name = "值精度"; Value = ""; VariantName = "[No Variations]"
Add component (AddParameter): Name = "元件封装"; Value = "0402"; VariantName = "[No Variations]"
Add component (AddParameter): Name = "具体类型"; Value = ""; VariantName = "[No Variations]"
Add component (AddParameter): Name = "封装类型"; Value = "贴片"; VariantName = "[No Variations]"
Add component (AddParameter): Name = "温度漂移"; Value = ""; VariantName = "[No Variations]"
Add component (AddParameter): Name = "温度范围"; Value = ""; VariantName = "[No Variations]"
Add component (AddParameter): Name = "生产商"; Value = ""; VariantName = "[No Variations]"
Add component (AddParameter): Name = "生产商零件编码"; Value = ""; VariantName = "[No Variations]"
Add component (AddParameter): Name = "立创编号"; Value = ""; VariantName = "[No Variations]"
Add component (AddParameter): Name = "类型备注"; Value = ""; VariantName = "[No Variations]"
Added Pin To Net: NetName=ADC_VBUS Pin=R2-1
Added Pin To Net: NetName=VCC_DP_IN Pin=R34-1
Added Pin To Net: NetName=NetLED9_1 Pin=LED9-1
Added Pin To Net: NetName=NetLED9_1 Pin=R2-2
Added Pin To Net: NetName=NetLED9_1 Pin=R34-2
Added Net: Name=NetLED9_1
Added Member To Class: ClassName=PD_USB Member=Component R2 0
Added Member To Class: ClassName=PD_USB Member=Component R34 0
