Added Component: Designator=U3(LQFP128 14x14_L)
Add component (AddParameter): Name = "Built_By"; Value = "EMA_UL_Team"; VariantName = "[No Variations]"
Add component (AddParameter): Name = "Copyright"; Value = "Copyright (C) 2018 Accelerated Designs. All rights reserved"; VariantName = "[No Variations]"
Add component (AddParameter): Name = "Manufacturer_Part_Number"; Value = "STM32G474QET6"; VariantName = "[No Variations]"
Add component (AddParameter): Name = "RefDes"; Value = "RefDes"; VariantName = "[No Variations]"
Add component (AddParameter): Name = "SourceLibrary"; Value = "Updates_to_database_2020-10-19"; VariantName = "[No Variations]"
Add component (AddParameter): Name = "Type"; Value = "DEV"; VariantName = "[No Variations]"
Add component (AddParameter): Name = "Vendor"; Value = "STMicroelectronics"; VariantName = "[No Variations]"
Added Pin To Net: NetName=KEY1 Pin=U3-1
Added Pin To Net: NetName=LED_G Pin=U3-2
Added Pin To Net: NetName=PE4 Pin=U3-3
Added Pin To Net: NetName=LED_R Pin=U3-4
Added Pin To Net: NetName=PE6 Pin=U3-5
Added Pin To Net: NetName=3V3 Pin=U3-6
Added Pin To Net: NetName=PC13 Pin=U3-7
Added Pin To Net: NetName=OSC32_IN Pin=U3-8
Added Pin To Net: NetName=OSC32_OUT Pin=U3-9
Added Pin To Net: NetName=PF3 Pin=U3-10
Added Pin To Net: NetName=PF4 Pin=U3-11
Added Pin To Net: NetName=GND Pin=U3-12
Added Pin To Net: NetName=3V3 Pin=U3-13
Added Pin To Net: NetName=PF5 Pin=U3-14
Added Pin To Net: NetName=PF7 Pin=U3-15
Added Pin To Net: NetName=PF8 Pin=U3-16
Added Pin To Net: NetName=PF9 Pin=U3-17
Added Pin To Net: NetName=PF10 Pin=U3-18
Added Pin To Net: NetName=OSC_IN Pin=U3-19
Added Pin To Net: NetName=OSC_OUT Pin=U3-20
Added Pin To Net: NetName=MCU-NRST Pin=U3-21
Added Pin To Net: NetName=PC0 Pin=U3-22
Added Pin To Net: NetName=PC1 Pin=U3-23
Added Pin To Net: NetName=PC2 Pin=U3-24
Added Pin To Net: NetName=PC3 Pin=U3-25
Added Pin To Net: NetName=PF2 Pin=U3-26
Added Pin To Net: NetName=PA0 Pin=U3-27
Added Pin To Net: NetName=PA1 Pin=U3-28
Added Pin To Net: NetName=PA2 Pin=U3-29
Added Pin To Net: NetName=GND Pin=U3-30
Added Pin To Net: NetName=3V3 Pin=U3-31
Added Pin To Net: NetName=PA3 Pin=U3-32
Added Pin To Net: NetName=PA4 Pin=U3-33
Added Pin To Net: NetName=PA5 Pin=U3-34
Added Pin To Net: NetName=PA6 Pin=U3-35
Added Pin To Net: NetName=PA7 Pin=U3-36
Added Pin To Net: NetName=PC4 Pin=U3-37
Added Pin To Net: NetName=PC5 Pin=U3-38
Added Pin To Net: NetName=ADC_VBUS Pin=U3-39
Added Pin To Net: NetName=DP_DB Pin=U3-40
Added Pin To Net: NetName=PB2 Pin=U3-41
Added Pin To Net: NetName=GND Pin=U3-42
Added Pin To Net: NetName=NetC19_1 Pin=U3-43
Added Pin To Net: NetName=NetC19_1 Pin=U3-44
Added Pin To Net: NetName=NetL3_2 Pin=U3-45
Added Pin To Net: NetName=GND Pin=U3-46
Added Pin To Net: NetName=3V3 Pin=U3-47
Added Pin To Net: NetName=PF11 Pin=U3-48
Added Pin To Net: NetName=PF12 Pin=U3-49
Added Pin To Net: NetName=PF13 Pin=U3-50
Added Pin To Net: NetName=PF14 Pin=U3-51
Added Pin To Net: NetName=PF15 Pin=U3-52
Added Pin To Net: NetName=PE7 Pin=U3-53
Added Pin To Net: NetName=PE8 Pin=U3-54
Added Pin To Net: NetName=PE9 Pin=U3-55
Added Pin To Net: NetName=QSPI_CLK Pin=U3-56
Added Pin To Net: NetName=QSPI_CS Pin=U3-57
Added Pin To Net: NetName=QSPI_IO0 Pin=U3-58
Added Pin To Net: NetName=QSPI_IO1 Pin=U3-59
Added Pin To Net: NetName=QSPI_IO2 Pin=U3-60
Added Pin To Net: NetName=QSPI_IO3 Pin=U3-61
Added Pin To Net: NetName=PB10 Pin=U3-62
Added Pin To Net: NetName=GND Pin=U3-63
Added Pin To Net: NetName=3V3 Pin=U3-64
Added Pin To Net: NetName=DP_FLT Pin=U3-65
Added Pin To Net: NetName=PB12 Pin=U3-66
Added Pin To Net: NetName=PB13 Pin=U3-67
Added Pin To Net: NetName=PB14 Pin=U3-68
Added Pin To Net: NetName=PB15 Pin=U3-69
Added Pin To Net: NetName=PD8 Pin=U3-70
Added Pin To Net: NetName=PD9 Pin=U3-71
Added Pin To Net: NetName=PD10 Pin=U3-72
Added Pin To Net: NetName=PD11 Pin=U3-73
Added Pin To Net: NetName=PD12 Pin=U3-74
Added Pin To Net: NetName=PD13 Pin=U3-75
Added Pin To Net: NetName=PD14 Pin=U3-76
Added Pin To Net: NetName=PD15 Pin=U3-77
Added Pin To Net: NetName=GND Pin=U3-78
Added Pin To Net: NetName=3V3 Pin=U3-79
Added Pin To Net: NetName=PC6 Pin=U3-80
Added Pin To Net: NetName=PC7 Pin=U3-81
Added Pin To Net: NetName=PG0 Pin=U3-82
Added Pin To Net: NetName=PG1 Pin=U3-83
Added Pin To Net: NetName=PG2 Pin=U3-84
Added Pin To Net: NetName=PG3 Pin=U3-85
Added Pin To Net: NetName=PG4 Pin=U3-86
Added Pin To Net: NetName=PC8 Pin=U3-87
Added Pin To Net: NetName=PC9 Pin=U3-88
Added Pin To Net: NetName=PA8 Pin=U3-89
Added Pin To Net: NetName=DEBUG_TXD Pin=U3-90
Added Pin To Net: NetName=DEBUG_RXD Pin=U3-91
Added Pin To Net: NetName=USB_N Pin=U3-92
Added Pin To Net: NetName=USB_P Pin=U3-93
Added Pin To Net: NetName=GND Pin=U3-94
Added Pin To Net: NetName=3V3 Pin=U3-95
Added Pin To Net: NetName=PA13 Pin=U3-96
Added Pin To Net: NetName=PF6 Pin=U3-97
Added Pin To Net: NetName=JTCK Pin=U3-98
Added Pin To Net: NetName=JTMS Pin=U3-99
Added Pin To Net: NetName=PC10 Pin=U3-100
Added Pin To Net: NetName=PC11 Pin=U3-101
Added Pin To Net: NetName=PC12 Pin=U3-102
Added Pin To Net: NetName=PG5 Pin=U3-103
Added Pin To Net: NetName=PG6 Pin=U3-104
Added Pin To Net: NetName=PG7 Pin=U3-105
Added Pin To Net: NetName=PG8 Pin=U3-106
Added Pin To Net: NetName=PG9 Pin=U3-107
Added Pin To Net: NetName=PD0 Pin=U3-108
Added Pin To Net: NetName=PD1 Pin=U3-109
Added Pin To Net: NetName=GND Pin=U3-110
Added Pin To Net: NetName=3V3 Pin=U3-111
Added Pin To Net: NetName=PD2 Pin=U3-112
Added Pin To Net: NetName=PD3 Pin=U3-113
Added Pin To Net: NetName=PD4 Pin=U3-114
Added Pin To Net: NetName=PD5 Pin=U3-115
Added Pin To Net: NetName=PD6 Pin=U3-116
Added Pin To Net: NetName=PD7 Pin=U3-117
Added Pin To Net: NetName=PB3 Pin=U3-118
Added Pin To Net: NetName=USB_PD_CC2 Pin=U3-119
Added Pin To Net: NetName=PB5 Pin=U3-120
Added Pin To Net: NetName=USB_PD_CC1 Pin=U3-121
Added Pin To Net: NetName=PB7 Pin=U3-122
Added Pin To Net: NetName=MCU-BOOT0 Pin=U3-123
Added Pin To Net: NetName=PB9 Pin=U3-124
Added Pin To Net: NetName=PE0 Pin=U3-125
Added Pin To Net: NetName=PE1 Pin=U3-126
Added Pin To Net: NetName=GND Pin=U3-127
Added Pin To Net: NetName=3V3 Pin=U3-128
Added Member To Class: ClassName=Main Member=Component U3 STM32G474QET6
