Removed Parameter BOM名称:N沟道场效应管 from Part Q1
Removed Parameter Code_JEDEC:DO-214-AA from Part D1
Removed Parameter Code_JEDEC:DO-214-AA from Part D2
Removed Parameter LatestRevisionDate:17-Jul-2002 from Part D1
Removed Parameter LatestRevisionDate:17-Jul-2002 from Part D2
Removed Parameter LatestRevisionNote:Re-released for DXP Platform. from Part D1
Removed Parameter LatestRevisionNote:Re-released for DXP Platform. from Part D2
Removed Parameter PackageDescription:DO-214-AA/SMB; 2 C-Bend Leads; Body 5.3 x 3.6 mm, inc. leads (LxW) from Part D1
Removed Parameter PackageDescription:DO-214-AA/SMB; 2 C-Bend Leads; Body 5.3 x 3.6 mm, inc. leads (LxW) from Part D2
Removed Parameter PackageReference:SMB from Part D1
Removed Parameter PackageReference:SMB from Part D2
Removed Parameter Published:8-Jun-2000 from Part D1
Removed Parameter Published:8-Jun-2000 from Part D2
Removed Parameter Publisher:Altium Limited from Part D1
Removed Parameter Publisher:Altium Limited from Part D2
Removed Parameter 学习资源:www.ooocke.com from Part Q1
Removed Parameter 版权归属:源创客 from Part Q1
Added Parameter 主类型= to Part D1
Added Parameter 主类型= to Part D2
Added Parameter 主类型= to Part Q1
Added Parameter 主类型= to Part U6
Added Parameter 主类型= to Part U7
Added Parameter 主类型= to Part USB2
Added Parameter 值/型号= to Part D1
Added Parameter 值/型号= to Part D2
Added Parameter 值/型号= to Part Q1
Added Parameter 值/型号= to Part U6
Added Parameter 值/型号= to Part U7
Added Parameter 值/型号= to Part USB2
Added Parameter 值精度= to Part D1
Added Parameter 值精度= to Part D2
Added Parameter 值精度= to Part Q1
Added Parameter 值精度= to Part U6
Added Parameter 值精度= to Part U7
Added Parameter 值精度= to Part USB2
Added Parameter 元件封装= to Part D1
Added Parameter 元件封装= to Part D2
Added Parameter 元件封装= to Part Q1
Added Parameter 元件封装= to Part U6
Added Parameter 元件封装= to Part U7
Added Parameter 元件封装= to Part USB2
Added Parameter 具体类型= to Part D1
Added Parameter 具体类型= to Part D2
Added Parameter 具体类型= to Part Q1
Added Parameter 具体类型= to Part U6
Added Parameter 具体类型= to Part U7
Added Parameter 具体类型= to Part USB2
Added Parameter 封装类型= to Part D1
Added Parameter 封装类型= to Part D2
Added Parameter 封装类型= to Part Q1
Added Parameter 封装类型= to Part U6
Added Parameter 封装类型= to Part U7
Added Parameter 封装类型= to Part USB2
Added Parameter 温度漂移= to Part D1
Added Parameter 温度漂移= to Part D2
Added Parameter 温度漂移= to Part Q1
Added Parameter 温度漂移= to Part U6
Added Parameter 温度漂移= to Part U7
Added Parameter 温度漂移= to Part USB2
Added Parameter 温度范围= to Part D1
Added Parameter 温度范围= to Part D2
Added Parameter 温度范围= to Part Q1
Added Parameter 温度范围= to Part U6
Added Parameter 温度范围= to Part U7
Added Parameter 温度范围= to Part USB2
Added Parameter 生产商= to Part D1
Added Parameter 生产商= to Part D2
Added Parameter 生产商= to Part Q1
Added Parameter 生产商= to Part U6
Added Parameter 生产商= to Part U7
Added Parameter 生产商= to Part USB2
Added Parameter 生产商零件编码= to Part D1
Added Parameter 生产商零件编码= to Part D2
Added Parameter 生产商零件编码= to Part Q1
Added Parameter 生产商零件编码= to Part U6
Added Parameter 生产商零件编码= to Part U7
Added Parameter 生产商零件编码= to Part USB2
Added Parameter 立创编号= to Part D1
Added Parameter 立创编号= to Part D2
Added Parameter 立创编号= to Part Q1
Added Parameter 立创编号= to Part U6
Added Parameter 立创编号= to Part U7
Added Parameter 立创编号= to Part USB2
Added Parameter 类型备注= to Part D1
Added Parameter 类型备注= to Part D2
Added Parameter 类型备注= to Part Q1
Added Parameter 类型备注= to Part U6
Added Parameter 类型备注= to Part U7
Added Parameter 类型备注= to Part USB2
